<?xml version="1.0" encoding="UTF-8"?>
<testsuite name="com.example.project.TestUtility" tests="1" skipped="0" failures="0" errors="0" timestamp="2025-02-13T13:46:35" hostname="codespaces-7f18f4" time="0.02">
  <properties/>
  <testcase name="testSort()" classname="com.example.project.TestUtility" time="0.02"/>
  <system-out><![CDATA[]]></system-out>
  <system-err><![CDATA[]]></system-err>
</testsuite>
